
> Brewy@0.1.0 dev
> next dev

 ⚠ Port 3000 is in use, trying 3001 instead.
  ▲ Next.js 14.2.4
  - Local:        http://localhost:3001
  - Environments: . ○ Compiling /products/[handle] ...
Browserslist: caniuse-lite is outdated. Please run:
  npx update-browserslist-db@latest
  Why you should do it regularly: https://github.com/browserslist/update-db#readme
 ✓ Compiled /products/[handle] in 19.6s (2576 modules)
 ○ Compiling /api/backend/products/[handle] ...
 ✓ Compiled /api/backend/products/[handle] in 2.1s (1314 modules)
 GET /api/backend/products/watermelon 200 in 2802ms
 GET /products/watermelon 200 in 23794ms
 GET /api/backend/products/watermelon 200 in 125ms
 GET /api/backend/products/watermelon 200 in 129ms
 GET /products/watermelon 200 in 519ms
 ○ Compiling / ...
 ✓ Compiled / in 3.2s (2731 modules)
 GET / 200 in 3980ms
 ⚠ Fast Refresh had to perform a full reload. Read more: https://nextjs.org/docs/messages/fast-refresh-reload
 GET /api/backend/products/watermelon 200 in 142ms
 GET /api/backend/products/watermelon 200 in 146ms
 ✓ Compiled /api/backend/products in 362ms (1375 modules)
 GET /api/backend/products 200 in 575ms
 GET /api/backend/products 200 in 567ms
